<?xml version="1.0" encoding="UTF-8"?>
<robot generator="Robot 4.1.3 (Python 3.7.5 on win32)" generated="20220227 20:21:59.871" rpa="false" schemaversion="2">
<suite id="s1" name="Robot Interactive Console" source="c:\Users\moses\.vscode\extensions\robocorp.robotframework-lsp-0.41.0\src\robotframework_ls\vendored\robotframework_interactive\robot_interactive_console.robot">
<test id="s1-t1" name="Default Task/Test">
<kw name="Interpreter Main Loop" library="MainLoop">
<kw name="open">
<msg timestamp="20220227 20:23:31.519" level="FAIL">No keyword with name 'open' found.</msg>
<status status="FAIL" starttime="20220227 20:23:31.519" endtime="20220227 20:23:31.520"/>
</kw>
<kw name="Open Available Browser" library="RPA.Browser.Selenium">
<doc>Attempts to open a browser on the user's device from a set of
supported browsers. Automatically downloads a corresponding webdriver
if none is already installed.</doc>
<status status="PASS" starttime="20220227 20:25:27.263" endtime="20220227 20:27:01.085"/>
</kw>
<kw name="Open Available Browser" library="RPA.Browser.Selenium">
<arg>https://robotsparebinindustries.com/</arg>
<doc>Attempts to open a browser on the user's device from a set of
supported browsers. Automatically downloads a corresponding webdriver
if none is already installed.</doc>
<status status="PASS" starttime="20220227 20:37:02.549" endtime="20220227 20:37:48.182"/>
</kw>
<status status="PASS" starttime="20220227 20:21:59.956" endtime="20220227 20:42:08.175"/>
</kw>
<status status="PASS" starttime="20220227 20:21:59.954" endtime="20220227 20:42:08.176"/>
</test>
<status status="PASS" starttime="20220227 20:21:59.874" endtime="20220227 20:42:08.178"/>
</suite>
<statistics>
<total>
<stat pass="1" fail="0" skip="0">All Tests</stat>
</total>
<tag>
</tag>
<suite>
<stat pass="1" fail="0" skip="0" id="s1" name="Robot Interactive Console">Robot Interactive Console</stat>
</suite>
</statistics>
<errors>
</errors>
</robot>
